\BOOKMARK [0][]{chapter.1}{\376\377\0001\000\040\000I\000n\000t\000r\000o\000d\000u\000\347\000\343\000o}{}% 1
\BOOKMARK [1][]{section.1.1}{\376\377\0001\000.\0001\000\040\000P\000r\000o\000b\000l\000e\000m\000a\000\040\000d\000e\000\040\000r\000v\000d\000b}{chapter.1}% 2
\BOOKMARK [2][]{subsection.1.1.1}{\376\377\0001\000.\0001\000.\0001\000\040\000D\000i\000f\000e\000r\000e\000n\000\347\000a\000\040\000c\000o\000n\000c\000e\000i\000t\000u\000a\000l\000\040\000e\000n\000t\000r\000e\000\040\000d\000o\000c\000k\000i\000n\000g\000\040\000e\000\040\000b\000e\000r\000t\000h\000i\000n\000g}{section.1.1}% 3
\BOOKMARK [1][]{section.1.2}{\376\377\0001\000.\0002\000\040\000C\000o\000n\000t\000e\000x\000t\000o\000\040\000d\000e\000\040\000m\000i\000s\000s\000\365\000e\000s\000\040\000d\000e\000\040\000r\000v\000d\000b}{chapter.1}% 4
\BOOKMARK [2][]{subsection.1.2.1}{\376\377\0001\000.\0002\000.\0001\000\040\000E\000v\000o\000l\000u\000\347\000\343\000o\000\040\000d\000a\000s\000\040\000m\000i\000s\000s\000\365\000e\000s\000\040\000d\000e\000\040\000r\000v\000d\000b}{section.1.2}% 5
\BOOKMARK [2][]{subsection.1.2.2}{\376\377\0001\000.\0002\000.\0002\000\040\000P\000r\000e\000s\000t\000a\000\347\000\343\000o\000\040\000d\000e\000\040\000s\000e\000r\000v\000i\000\347\000o\000s\000\040\000e\000m\000\040\000\363\000r\000b\000i\000t\000a}{section.1.2}% 6
\BOOKMARK [2][]{subsection.1.2.3}{\376\377\0001\000.\0002\000.\0003\000\040\000M\000a\000n\000u\000t\000e\000n\000\347\000\343\000o}{section.1.2}% 7
\BOOKMARK [2][]{subsection.1.2.4}{\376\377\0001\000.\0002\000.\0004\000\040\000R\000e\000m\000o\000\347\000\343\000o\000\040\000d\000e\000\040\000d\000e\000t\000r\000i\000t\000o\000s}{section.1.2}% 8
\BOOKMARK [2][]{subsection.1.2.5}{\376\377\0001\000.\0002\000.\0005\000\040\000M\000o\000n\000t\000a\000g\000e\000m\000\040\000e\000s\000p\000a\000c\000i\000a\000l}{section.1.2}% 9
\BOOKMARK [1][]{section.1.3}{\376\377\0001\000.\0003\000\040\000M\000o\000t\000i\000v\000a\000\347\000\343\000o}{chapter.1}% 10
\BOOKMARK [2][]{subsection.1.3.1}{\376\377\0001\000.\0003\000.\0001\000\040\000L\000i\000m\000i\000t\000a\000\347\000\365\000e\000s\000\040\000d\000e\000\040\000m\000o\000d\000e\000l\000o\000s\000\040\000p\000u\000r\000a\000m\000e\000n\000t\000e\000\040\000o\000r\000b\000i\000t\000a\000i\000s\000\040\000p\000a\000r\000a\000\040\000a\000s\000\040\000m\000i\000s\000s\000\365\000e\000s\000\040\000d\000e\000\040\000r\000v\000d\000b}{section.1.3}% 11
\BOOKMARK [2][]{subsection.1.3.2}{\376\377\0001\000.\0003\000.\0002\000\040\000I\000n\000t\000e\000g\000r\000a\000\347\000\343\000o\000\040\000e\000n\000t\000r\000e\000\040\000d\000i\000n\000\342\000m\000i\000c\000a\000\040\000o\000r\000b\000i\000t\000a\000l\000\040\000e\000\040\000r\000o\000b\000\363\000t\000i\000c\000a\000\040\000e\000s\000p\000a\000c\000i\000a\000l}{section.1.3}% 12
\BOOKMARK [2][]{subsection.1.3.3}{\376\377\0001\000.\0003\000.\0003\000\040\000R\000e\000l\000e\000v\000\342\000n\000c\000i\000a\000\040\000p\000a\000r\000a\000\040\000m\000i\000s\000s\000\365\000e\000s\000\040\000d\000e\000\040\000i\000n\000s\000p\000e\000\347\000\343\000o\000,\000\040\000m\000a\000n\000u\000t\000e\000n\000\347\000\343\000o\000\040\000e\000\040\000r\000e\000m\000o\000\347\000\343\000o\000\040\000d\000e\000\040\000d\000e\000t\000r\000i\000t\000o\000s}{section.1.3}% 13
\BOOKMARK [1][]{section.1.4}{\376\377\0001\000.\0004\000\040\000P\000e\000r\000g\000u\000n\000t\000a\000\040\000d\000e\000\040\000p\000e\000s\000q\000u\000i\000s\000a}{chapter.1}% 14
\BOOKMARK [1][]{section.1.5}{\376\377\0001\000.\0005\000\040\000O\000b\000j\000e\000t\000i\000v\000o\000s}{chapter.1}% 15
\BOOKMARK [2][]{subsection.1.5.1}{\376\377\0001\000.\0005\000.\0001\000\040\000O\000b\000j\000e\000t\000i\000v\000o\000\040\000g\000e\000r\000a\000l}{section.1.5}% 16
\BOOKMARK [2][]{subsection.1.5.2}{\376\377\0001\000.\0005\000.\0002\000\040\000O\000b\000j\000e\000t\000i\000v\000o\000s\000\040\000e\000s\000p\000e\000c\000\355\000f\000i\000c\000o\000s}{section.1.5}% 17
\BOOKMARK [2][]{subsection.1.5.3}{\376\377\0001\000.\0005\000.\0003\000\040\000M\000e\000t\000o\000d\000o\000l\000o\000g\000i\000a}{section.1.5}% 18
\BOOKMARK [1][]{section.1.6}{\376\377\0001\000.\0006\000\040\000E\000s\000t\000r\000u\000t\000u\000r\000a\000\040\000d\000o\000\040\000d\000o\000c\000u\000m\000e\000n\000t\000o}{chapter.1}% 19
\BOOKMARK [0][]{chapter.2}{\376\377\0002\000\040\000E\000s\000t\000r\000a\000t\000\351\000g\000i\000a\000s\000\040\000d\000e\000\040\000R\000V\000D\000/\000B}{}% 20
\BOOKMARK [0][]{chapter.3}{\376\377\0003\000\040\000R\000e\000s\000u\000l\000t\000a\000d\000o\000s\000\040\000e\000\040\000d\000i\000s\000c\000u\000s\000s\000\343\000o}{}% 21
\BOOKMARK [0][]{chapter.4}{\376\377\0004\000\040\000D\000i\000s\000c\000u\000s\000s\000\343\000o}{}% 22
\BOOKMARK [0][]{chapter.5}{\376\377\0005\000\040\000C\000o\000n\000c\000l\000u\000s\000\343\000o}{}% 23
\BOOKMARK [0][]{appendix.A}{\376\377\000A\000\040\000P\000o\000s\000i\000\347\000\343\000o\000\040\000e\000\040\000v\000e\000l\000o\000c\000i\000d\000a\000d\000e\000\040\000n\000o\000\040\000r\000e\000f\000e\000r\000e\000n\000c\000i\000a\000l\000\040\000i\000n\000e\000r\000c\000i\000a\000l}{}% 24
\BOOKMARK [0][]{appendix.B}{\376\377\000B\000\040\000P\000a\000r\000\342\000m\000e\000t\000r\000o\000s\000\040\000f\000\355\000s\000i\000c\000o\000s\000\040\000d\000o\000\040\000p\000e\000r\000s\000e\000g\000u\000i\000d\000o\000r}{}% 25
\BOOKMARK [0][]{appendix.C}{\376\377\000C\000\040\000P\000a\000r\000\342\000m\000e\000t\000r\000o\000s\000\040\000d\000e\000\040\000c\000o\000n\000t\000r\000o\000l\000e}{}% 26
\BOOKMARK [0][]{appendix.D}{\376\377\000D\000\040\000C\000\363\000d\000i\000g\000o\000s\000\040\000c\000o\000m\000p\000u\000t\000a\000c\000i\000o\000n\000a\000i\000s}{}% 27
\BOOKMARK [0][]{bla.0}{\376\377\000F\000o\000l\000h\000a\000\040\000d\000e\000\040\000R\000e\000g\000i\000s\000t\000r\000o\000\040\000d\000o\000\040\000D\000o\000c\000u\000m\000e\000n\000t\000o}{}% 28
