\BOOKMARK [0][]{titulo.0}{\376\377\000F\000o\000l\000h\000a\000\040\000d\000e\000\040\000R\000o\000s\000t\000o}{}% 1
\BOOKMARK [0][]{cip.0}{\376\377\000V\000e\000r\000s\000o\000\040\000d\000a\000\040\000F\000o\000l\000h\000a\000\040\000d\000e\000\040\000R\000o\000s\000t\000o}{}% 2
\BOOKMARK [0][]{aprovacao.0}{\376\377\000F\000o\000l\000h\000a\000\040\000d\000a\000\040\000B\000a\000n\000c\000a}{}% 3
\BOOKMARK [0][]{dedication.0}{\376\377\000D\000e\000d\000i\000c\000a\000t\000\363\000r\000i\000a}{}% 4
\BOOKMARK [0][]{acknowledgment.0}{\376\377\000A\000g\000r\000a\000d\000e\000c\000i\000m\000e\000n\000t\000o\000s}{}% 5
\BOOKMARK [0][]{epigrafe.0}{\376\377\000E\000p\000\355\000g\000r\000a\000f\000e}{}% 6
\BOOKMARK [0][]{resumo.0}{\376\377\000R\000e\000s\000u\000m\000o}{}% 7
\BOOKMARK [0][]{abstract.0}{\376\377\000A\000b\000s\000t\000r\000a\000c\000t}{}% 8
\BOOKMARK [0][]{listafiguras.0}{\376\377\000L\000i\000s\000t\000a\000\040\000d\000e\000\040\000F\000i\000g\000u\000r\000a\000s}{}% 9
\BOOKMARK [0][]{listatabelas.0}{\376\377\000L\000i\000s\000t\000a\000\040\000d\000e\000\040\000T\000a\000b\000e\000l\000a\000s}{}% 10
\BOOKMARK [0][]{listaabreviaturas.0}{\376\377\000L\000i\000s\000t\000a\000\040\000d\000e\000\040\000A\000b\000r\000e\000v\000i\000a\000t\000u\000r\000a\000s\000\040\000e\000\040\000S\000i\000g\000l\000a\000s}{}% 11
\BOOKMARK [0][]{listasimbolos.0}{\376\377\000L\000i\000s\000t\000a\000\040\000d\000e\000\040\000S\000\355\000m\000b\000o\000l\000o\000s}{}% 12
\BOOKMARK [0][]{contents.0}{\376\377\000S\000u\000m\000\341\000r\000i\000o}{}% 13
\BOOKMARK [0][]{chapter.1}{\376\377\0001\000\040\000I\000n\000t\000r\000o\000d\000u\000\347\000\343\000o}{}% 14
\BOOKMARK [1][]{section.1.1}{\376\377\0001\000.\0001\000\040\000M\000o\000t\000i\000v\000a\000\347\000\343\000o}{chapter.1}% 15
\BOOKMARK [1][]{section.1.2}{\376\377\0001\000.\0002\000\040\000P\000e\000r\000g\000u\000n\000t\000a\000\040\000d\000e\000\040\000p\000e\000s\000q\000u\000i\000s\000a}{chapter.1}% 16
\BOOKMARK [1][]{section.1.3}{\376\377\0001\000.\0003\000\040\000O\000b\000j\000e\000t\000i\000v\000o\000s}{chapter.1}% 17
\BOOKMARK [2][]{subsection.1.3.1}{\376\377\0001\000.\0003\000.\0001\000\040\000O\000b\000j\000e\000t\000i\000v\000o\000\040\000g\000e\000r\000a\000l}{section.1.3}% 18
\BOOKMARK [2][]{subsection.1.3.2}{\376\377\0001\000.\0003\000.\0002\000\040\000O\000b\000j\000e\000t\000i\000v\000o\000s\000\040\000e\000s\000p\000e\000c\000\355\000f\000i\000c\000o\000s}{section.1.3}% 19
\BOOKMARK [1][]{section.1.4}{\376\377\0001\000.\0004\000\040\000M\000e\000t\000o\000d\000o\000l\000o\000g\000i\000a}{chapter.1}% 20
\BOOKMARK [1][]{section.1.5}{\376\377\0001\000.\0005\000\040\000E\000s\000t\000r\000u\000t\000u\000r\000a\000\040\000d\000o\000\040\000d\000o\000c\000u\000m\000e\000n\000t\000o}{chapter.1}% 21
\BOOKMARK [0][]{chapter.2}{\376\377\0002\000\040\000R\000e\000v\000i\000s\000\343\000o\000\040\000d\000a\000\040\000l\000i\000t\000e\000r\000a\000t\000u\000r\000a}{}% 22
\BOOKMARK [1][]{section.2.1}{\376\377\0002\000.\0001\000\040\000F\000u\000n\000d\000a\000m\000e\000n\000t\000o\000s\000\040\000e\000\040\000o\000b\000r\000a\000s\000\040\000d\000e\000\040\000r\000e\000f\000e\000r\000\352\000n\000c\000i\000a}{chapter.2}% 23
\BOOKMARK [1][]{section.2.2}{\376\377\0002\000.\0002\000\040\000E\000s\000t\000u\000d\000o\000s\000\040\000s\000o\000b\000r\000e\000\040\000r\000v\000d\000b\000\040\000e\000\040\000a\000p\000r\000o\000x\000i\000m\000a\000\347\000\343\000o\000\040\000r\000e\000l\000a\000t\000i\000v\000a}{chapter.2}% 24
\BOOKMARK [1][]{section.2.3}{\376\377\0002\000.\0003\000\040\000E\000s\000t\000i\000m\000a\000\347\000\343\000o\000\040\000d\000e\000\040\000p\000o\000s\000e\000\040\000d\000o\000\040\000a\000l\000v\000o\000\040\000e\000\040\000p\000e\000r\000c\000e\000p\000\347\000\343\000o\000\040\000r\000e\000l\000a\000t\000i\000v\000a\000\040\000e\000m\000\040\000o\000p\000e\000r\000a\000\347\000\365\000e\000s\000\040\000d\000e\000\040\000p\000r\000o\000x\000i\000m\000i\000d\000a\000d\000e}{chapter.2}% 25
\BOOKMARK [1][]{section.2.4}{\376\377\0002\000.\0004\000\040\000S\000i\000s\000t\000e\000m\000a\000s\000\040\000a\000c\000o\000p\000l\000a\000d\000o\000s\000\040\000e\000s\000p\000a\000\347\000o\000n\000a\000v\000e\040\023\000m\000a\000n\000i\000p\000u\000l\000a\000d\000o\000r}{chapter.2}% 26
\BOOKMARK [1][]{section.2.5}{\376\377\0002\000.\0005\000\040\000C\000o\000n\000t\000r\000o\000l\000e\000\040\000c\000o\000m\000\040\000r\000e\000a\000\347\000\343\000o\000\040\000n\000u\000l\000a\000\040\000e\000\040\000m\000a\000n\000i\000p\000u\000l\000a\000d\000o\000r\000e\000s\000\040\000f\000r\000e\000e\000-\000f\000l\000o\000a\000t\000i\000n\000g}{chapter.2}% 27
\BOOKMARK [1][]{section.2.6}{\376\377\0002\000.\0006\000\040\000P\000l\000a\000n\000e\000j\000a\000m\000e\000n\000t\000o\000,\000\040\000a\000u\000t\000o\000n\000o\000m\000i\000a\000\040\000e\000\040\000t\000\351\000c\000n\000i\000c\000a\000s\000\040\000r\000e\000c\000e\000n\000t\000e\000s\000\040\000a\000p\000l\000i\000c\000a\000d\000a\000s\000\040\000a\000\040\000o\000p\000e\000r\000a\000\347\000\365\000e\000s\000\040\000d\000e\000\040\000p\000r\000o\000x\000i\000m\000i\000d\000a\000d\000e}{chapter.2}% 28
\BOOKMARK [1][]{section.2.7}{\376\377\0002\000.\0007\000\040\000S\000\355\000n\000t\000e\000s\000e\000\040\000c\000r\000\355\000t\000i\000c\000a\000\040\000d\000a\000\040\000l\000i\000t\000e\000r\000a\000t\000u\000r\000a\000\040\000e\000\040\000p\000o\000s\000i\000c\000i\000o\000n\000a\000m\000e\000n\000t\000o\000\040\000d\000a\000\040\000d\000i\000s\000s\000e\000r\000t\000a\000\347\000\343\000o}{chapter.2}% 29
\BOOKMARK [0][]{chapter.3}{\376\377\0003\000\040\000P\000r\000o\000c\000e\000d\000i\000m\000e\000n\000t\000o\000\040\000d\000a\000\040\000s\000i\000m\000u\000l\000a\000\347\000\343\000o}{}% 30
\BOOKMARK [1][]{section.3.1}{\376\377\0003\000.\0001\000\040\000E\000s\000c\000o\000p\000o}{chapter.3}% 31
\BOOKMARK [1][]{section.3.2}{\376\377\0003\000.\0002\000\040\000F\000a\000s\000e\000s\000\040\000d\000a\000\040\000m\000i\000s\000s\000\343\000o\000\040\000d\000e\000\040\000r\000v\000d\000b}{chapter.3}% 32
\BOOKMARK [1][]{section.3.3}{\376\377\0003\000.\0003\000\040\000P\000r\000e\000m\000i\000s\000s\000a\000s\000\040\000a\000d\000o\000t\000a\000d\000a\000s\000\040\000p\000a\000r\000a\000\040\000a\000\040\000s\000i\000m\000u\000l\000a\000\347\000\343\000o}{chapter.3}% 33
\BOOKMARK [1][]{section.3.4}{\376\377\0003\000.\0004\000\040\000\323\000r\000b\000i\000t\000a\000\040\000i\000n\000i\000c\000i\000a\000l}{chapter.3}% 34
\BOOKMARK [1][]{section.3.5}{\376\377\0003\000.\0005\000\040\000A\000p\000r\000o\000x\000i\000m\000a\000\347\000\343\000o\000\040\000d\000e\000\040\000l\000o\000n\000g\000a\000\040\000d\000i\000s\000t\000\342\000n\000c\000i\000a}{chapter.3}% 35
\BOOKMARK [2][]{subsection.3.5.1}{\376\377\0003\000.\0005\000.\0001\000\040\000F\000l\000u\000x\000o\000\040\000d\000a\000\040\000a\000p\000r\000o\000x\000i\000m\000a\000\347\000\343\000o\000\040\000d\000e\000\040\000l\000o\000n\000g\000a\000\040\000d\000i\000s\000t\000\342\000n\000c\000i\000a}{section.3.5}% 36
\BOOKMARK [1][]{section.3.6}{\376\377\0003\000.\0006\000\040\000A\000p\000r\000o\000x\000i\000m\000a\000\347\000\343\000o\000\040\000d\000e\000\040\000c\000u\000r\000t\000a\000\040\000d\000i\000s\000t\000\342\000n\000c\000i\000a}{chapter.3}% 37
\BOOKMARK [1][]{section.3.7}{\376\377\0003\000.\0007\000\040\000A\000p\000r\000o\000x\000i\000m\000a\000\347\000\343\000o\000\040\000f\000i\000n\000a\000l}{chapter.3}% 38
\BOOKMARK [2][]{subsection.3.7.1}{\376\377\0003\000.\0007\000.\0001\000\040\000I\000m\000p\000l\000e\000m\000e\000n\000t\000a\000\347\000\343\000o\000\040\000d\000a\000\040\000a\000p\000r\000o\000x\000i\000m\000a\000\347\000\343\000o\000\040\000f\000i\000n\000a\000l\000\040\000n\000o\000\040\000S\000i\000m\000u\000l\000i\000n\000k}{section.3.7}% 39
\BOOKMARK [1][]{section.3.8}{\376\377\0003\000.\0008\000\040\000M\000o\000v\000i\000m\000e\000n\000t\000a\000\347\000\343\000o\000\040\000d\000o\000\040\000m\000a\000n\000i\000p\000u\000l\000a\000d\000o\000r\000\040\000r\000o\000b\000\363\000t\000i\000c\000o}{chapter.3}% 40
\BOOKMARK [1][]{section.3.9}{\376\377\0003\000.\0009\000\040\000R\000e\000a\000\347\000\343\000o\000\040\000d\000a\000\040\000e\000s\000p\000a\000\347\000o\000n\000a\000v\000e}{chapter.3}% 41
\BOOKMARK [1][]{section.3.10}{\376\377\0003\000.\0001\0000\000\040\000M\000o\000d\000o\000s\000\040\000d\000e\000\040\000o\000p\000e\000r\000a\000\347\000\343\000o}{chapter.3}% 42
\BOOKMARK [1][]{section.3.11}{\376\377\0003\000.\0001\0001\000\040\000R\000e\000f\000e\000r\000e\000n\000c\000i\000a\000i\000s}{chapter.3}% 43
\BOOKMARK [0][]{chapter.4}{\376\377\0004\000\040\000F\000o\000r\000m\000u\000l\000a\000\347\000\343\000o\000\040\000M\000a\000t\000e\000m\000\341\000t\000i\000c\000a}{}% 44
\BOOKMARK [1][]{section.4.1}{\376\377\0004\000.\0001\000\040\000D\000i\000n\000\342\000m\000i\000c\000a\000\040\000o\000r\000b\000i\000t\000a\000l}{chapter.4}% 45
\BOOKMARK [2][]{subsection.4.1.1}{\376\377\0004\000.\0001\000.\0001\000\040\000O\000\040\000p\000r\000o\000b\000l\000e\000m\000a\000\040\000d\000o\000s\000\040\000d\000o\000i\000s\000\040\000c\000o\000r\000p\000o\000s\000:\000\040\000M\000o\000v\000i\000m\000e\000n\000t\000o\000\040\000a\000b\000s\000o\000l\000u\000t\000o\000\040\000e\000\040\000r\000e\000l\000a\000t\000i\000v\000o}{section.4.1}% 46
\BOOKMARK [1][]{section.4.2}{\376\377\0004\000.\0002\000\040\000E\000q\000u\000a\000\347\000\365\000e\000s\000\040\000d\000o\000\040\000M\000o\000v\000i\000m\000e\000n\000t\000o\000\040\000O\000r\000b\000i\000t\000a\000l\000\040\000e\000\040\000M\000a\000n\000o\000b\000r\000a\000s\000\040\000A\000s\000s\000o\000c\000i\000a\000d\000a\000s\000\040\000a\000o\000\040\000P\000r\000o\000b\000l\000e\000m\000a\000\040\000d\000e\000\040\000R\000V\000D\000/\000B}{chapter.4}% 47
\BOOKMARK [2][]{subsection.4.2.1}{\376\377\0004\000.\0002\000.\0001\000\040\000D\000e\000t\000a\000l\000h\000e\000s\000\040\000s\000o\000b\000r\000e\000\040\000a\000\040\000g\000e\000o\000m\000e\000t\000r\000i\000a\000\040\000d\000a\000\040\000\363\000r\000b\000i\000t\000a\000\040\000d\000o\000\040\000p\000e\000r\000s\000e\000g\000u\000i\000d\000o\000r}{section.4.2}% 48
\BOOKMARK [2][]{subsection.4.2.2}{\376\377\0004\000.\0002\000.\0002\000\040\000M\000o\000v\000i\000m\000e\000n\000t\000o\000\040\000o\000r\000b\000i\000t\000a\000l\000\040\000r\000e\000l\000a\000t\000i\000v\000o\000\040\000a\000p\000l\000i\000c\000a\000d\000o\000\040\000e\000m\000\040\000m\000i\000s\000s\000\343\000o\000\040\000d\000e\000\040\000r\000v\000d\000b}{section.4.2}% 49
\BOOKMARK [2][]{subsection.4.2.3}{\376\377\0004\000.\0002\000.\0003\000\040\000E\000q\000u\000a\000\347\000\365\000e\000s\000\040\000d\000e\000\040\000H\000i\000l\000l\000/\000C\000W}{section.4.2}% 50
\BOOKMARK [1][]{section.4.3}{\376\377\0004\000.\0003\000\040\000E\000q\000u\000a\000\347\000\365\000e\000s\000\040\000d\000o\000\040\000M\000o\000v\000i\000m\000e\000n\000t\000o\000\040\000d\000e\000\040\000A\000t\000i\000t\000u\000d\000e\000\040\000e\000m\000\040\000r\000v\000d\000b}{chapter.4}% 51
\BOOKMARK [2][]{subsection.4.3.1}{\376\377\0004\000.\0003\000.\0001\000\040\000E\000q\000u\000a\000\347\000\365\000e\000s\000\040\000d\000e\000\040\000E\000u\000l\000e\000r\000\040\000p\000a\000r\000a\000\040\000u\000m\000\040\000c\000o\000r\000p\000o\000\040\000r\000\355\000g\000i\000d\000o\000\040\000e\000m\000\040\000\363\000r\000b\000i\000t\000a\000\040\000c\000i\000r\000c\000u\000l\000a\000r}{section.4.3}% 52
\BOOKMARK [2][]{subsection.4.3.2}{\376\377\0004\000.\0003\000.\0002\000\040\000E\000q\000u\000a\000\347\000\365\000e\000s\000\040\000D\000i\000f\000e\000r\000e\000n\000c\000i\000a\000i\000s\000\040\000d\000a\000\040\000C\000i\000n\000e\000m\000\341\000t\000i\000c\000a}{section.4.3}% 53
\BOOKMARK [2][]{subsection.4.3.3}{\376\377\0004\000.\0003\000.\0003\000\040\000M\000a\000t\000r\000i\000z\000\040\000d\000e\000\040\000c\000o\000s\000s\000e\000n\000o\000s\000\040\000d\000i\000r\000e\000t\000o\000r\000e\000s}{section.4.3}% 54
\BOOKMARK [2][]{subsection.4.3.4}{\376\377\0004\000.\0003\000.\0004\000\040\000\302\000n\000g\000u\000l\000o\000s\000\040\000d\000e\000\040\000E\000u\000l\000e\000r}{section.4.3}% 55
\BOOKMARK [2][]{subsection.4.3.5}{\376\377\0004\000.\0003\000.\0005\000\040\000Q\000u\000a\000t\000e\000r\000n\000i\000o\000n\000s\000\040\000e\000\040\000j\000u\000s\000t\000i\000f\000i\000c\000a\000t\000i\000v\000a\000\040\000d\000e\000\040\000s\000u\000a\000\040\000u\000t\000i\000l\000i\000z\000a\000\347\000\343\000o}{section.4.3}% 56
\BOOKMARK [2][]{subsection.4.3.6}{\376\377\0004\000.\0003\000.\0006\000\040\000M\000a\000t\000r\000i\000z\000\040\000d\000e\000\040\000i\000n\000\351\000r\000c\000i\000a}{section.4.3}% 57
\BOOKMARK [2][]{subsection.4.3.7}{\376\377\0004\000.\0003\000.\0007\000\040\000E\000q\000u\000a\000\347\000\365\000e\000s\000\040\000d\000o\000\040\000M\000o\000v\000i\000m\000e\000n\000t\000o\000\040\000d\000a\000\040\000A\000t\000i\000t\000u\000d\000e\000\040\000R\000e\000l\000a\000t\000i\000v\000a\000\040\000e\000n\000t\000r\000e\000\040\000a\000s\000\040\000e\000s\000p\000a\000\347\000o\000n\000a\000v\000e\000s\000\040\000p\000e\000r\000s\000e\000g\000u\000i\000d\000o\000r\000a\000\040\000e\000\040\000a\000l\000v\000o}{section.4.3}% 58
\BOOKMARK [1][]{section.4.4}{\376\377\0004\000.\0004\000\040\000E\000s\000p\000a\000\347\000o\000n\000a\000v\000e\000\040\000T\000i\000p\000o\000\040\000M\000a\000n\000i\000p\000u\000l\000a\000d\000o\000r\000\040\000R\000o\000b\000\363\000t\000i\000c\000o}{chapter.4}% 59
\BOOKMARK [2][]{subsection.4.4.1}{\376\377\0004\000.\0004\000.\0001\000\040\000P\000r\000o\000p\000\363\000s\000i\000t\000o\000\040\000e\000\040\000A\000r\000q\000u\000i\000t\000e\000t\000u\000r\000a}{section.4.4}% 60
\BOOKMARK [2][]{subsection.4.4.2}{\376\377\0004\000.\0004\000.\0002\000\040\000C\000o\000n\000v\000e\000n\000\347\000\343\000o\000\040\000p\000a\000r\000a\000\040\000f\000i\000x\000a\000r\000\040\000s\000i\000s\000t\000e\000m\000a\000s\000\040\000d\000e\000\040\000c\000o\000o\000r\000d\000e\000n\000a\000d\000a\000s\000\040\000a\000o\000s\000\040\000e\000l\000o\000s}{section.4.4}% 61
\BOOKMARK [2][]{subsection.4.4.3}{\376\377\0004\000.\0004\000.\0003\000\040\000C\000o\000n\000v\000e\000n\000\347\000\343\000o\000\040\000e\000\040\000d\000e\000s\000c\000r\000i\000\347\000\343\000o\000\040\000d\000o\000s\000\040\000e\000l\000o\000s\000\040\000d\000o\000\040\000m\000a\000n\000i\000p\000u\000l\000a\000d\000o\000r\000\040\000r\000o\000b\000\363\000t\000i\000c\000o}{section.4.4}% 62
\BOOKMARK [2][]{subsection.4.4.4}{\376\377\0004\000.\0004\000.\0004\000\040\000T\000a\000b\000e\000l\000a\000\040\000d\000e\000\040\000D\000e\000n\000a\000v\000i\000t\040\023\000H\000a\000r\000t\000e\000n\000b\000e\000r\000g}{section.4.4}% 63
\BOOKMARK [2][]{subsection.4.4.5}{\376\377\0004\000.\0004\000.\0005\000\040\000T\000r\000a\000n\000s\000f\000o\000r\000m\000a\000\347\000\365\000e\000s\000\040\000e\000n\000t\000r\000e\000\040\000e\000l\000o\000s}{section.4.4}% 64
\BOOKMARK [1][]{section.4.5}{\376\377\0004\000.\0005\000\040\000C\000i\000n\000e\000m\000\341\000t\000i\000c\000a\000\040\000D\000i\000f\000e\000r\000e\000n\000c\000i\000a\000l\000\040\000e\000\040\000J\000a\000c\000o\000b\000i\000a\000n\000o}{chapter.4}% 65
\BOOKMARK [2][]{subsection.4.5.1}{\376\377\0004\000.\0005\000.\0001\000\040\000C\000o\000n\000s\000t\000r\000u\000\347\000\343\000o\000\040\000d\000o\000\040\000J\000a\000c\000o\000b\000i\000a\000n\000o}{section.4.5}% 66
\BOOKMARK [1][]{section.4.6}{\376\377\0004\000.\0006\000\040\000I\000n\000t\000e\000r\000p\000r\000e\000t\000a\000\347\000\343\000o\000\040\000g\000e\000o\000m\000\351\000t\000r\000i\000c\000a\000\040\000d\000a\000\040\000J\000a\000c\000o\000b\000i\000a\000n\000a}{chapter.4}% 67
\BOOKMARK [2][]{subsection.4.6.1}{\376\377\0004\000.\0006\000.\0001\000\040\000C\000o\000n\000t\000r\000i\000b\000u\000i\000\347\000\343\000o\000\040\000d\000a\000\040\000j\000u\000n\000t\000a\000\040\000r\000e\000v\000o\000l\000u\000t\000a}{section.4.6}% 68
\BOOKMARK [2][]{subsection.4.6.2}{\376\377\0004\000.\0006\000.\0002\000\040\000S\000\355\000n\000t\000e\000s\000e\000\040\000g\000e\000o\000m\000\351\000t\000r\000i\000c\000a}{section.4.6}% 69
\BOOKMARK [2][]{subsection.4.6.3}{\376\377\0004\000.\0006\000.\0003\000\040\000J\000a\000c\000o\000b\000i\000a\000n\000o\000\040\000a\000n\000g\000u\000l\000a\000r}{section.4.6}% 70
\BOOKMARK [1][]{section.4.7}{\376\377\0004\000.\0007\000\040\000S\000i\000n\000g\000u\000l\000a\000r\000i\000d\000a\000d\000e\000s\000\040\000e\000\040\000i\000n\000t\000e\000r\000p\000r\000e\000t\000a\000\347\000\343\000o\000\040\000g\000e\000o\000m\000\351\000t\000r\000i\000c\000a}{chapter.4}% 71
\BOOKMARK [1][]{section.4.8}{\376\377\0004\000.\0008\000\040\000C\000i\000n\000e\000m\000\341\000t\000i\000c\000a\000\040\000I\000n\000v\000e\000r\000s\000a}{chapter.4}% 72
\BOOKMARK [2][]{subsection.4.8.1}{\376\377\0004\000.\0008\000.\0001\000\040\000E\000r\000r\000o\000\040\000o\000p\000e\000r\000a\000c\000i\000o\000n\000a\000l}{section.4.8}% 73
\BOOKMARK [2][]{subsection.4.8.2}{\376\377\0004\000.\0008\000.\0002\000\040\000E\000r\000r\000o\000\040\000d\000e\000\040\000o\000r\000i\000e\000n\000t\000a\000\347\000\343\000o}{section.4.8}% 74
\BOOKMARK [2][]{subsection.4.8.3}{\376\377\0004\000.\0008\000.\0003\000\040\000V\000e\000l\000o\000c\000i\000d\000a\000d\000e\000\040\000c\000a\000r\000t\000e\000s\000i\000a\000n\000a\000\040\000d\000e\000s\000e\000j\000a\000d\000a}{section.4.8}% 75
\BOOKMARK [2][]{subsection.4.8.4}{\376\377\0004\000.\0008\000.\0004\000\040\000L\000e\000i\000\040\000d\000e\000\040\000c\000i\000n\000e\000m\000\341\000t\000i\000c\000a\000\040\000d\000i\000f\000e\000r\000e\000n\000c\000i\000a\000l\000\040\000i\000n\000v\000e\000r\000s\000a}{section.4.8}% 76
\BOOKMARK [2][]{subsection.4.8.5}{\376\377\0004\000.\0008\000.\0005\000\040\000P\000s\000e\000u\000d\000o\000-\000i\000n\000v\000e\000r\000s\000a\000\040\000a\000m\000o\000r\000t\000e\000c\000i\000d\000a}{section.4.8}% 77
\BOOKMARK [2][]{subsection.4.8.6}{\376\377\0004\000.\0008\000.\0006\000\040\000I\000n\000t\000e\000g\000r\000a\000\347\000\343\000o\000\040\000d\000a\000\040\000l\000e\000i\000\040\000d\000i\000f\000e\000r\000e\000n\000c\000i\000a\000l}{section.4.8}% 78
\BOOKMARK [2][]{subsection.4.8.7}{\376\377\0004\000.\0008\000.\0007\000\040\000F\000o\000r\000m\000u\000l\000a\000\347\000\343\000o\000\040\000d\000a\000\040\000d\000i\000n\000\342\000m\000i\000c\000a\000\040\000a\000c\000o\000p\000l\000a\000d\000a}{section.4.8}% 79
\BOOKMARK [1][]{section.4.9}{\376\377\0004\000.\0009\000\040\000E\000n\000e\000r\000g\000i\000a\000\040\000c\000i\000n\000\351\000t\000i\000c\000a}{chapter.4}% 80
\BOOKMARK [1][]{section.4.10}{\376\377\0004\000.\0001\0000\000\040\000V\000e\000l\000o\000c\000i\000d\000a\000d\000e\000s\000\040\000l\000i\000n\000e\000a\000r\000\040\000e\000\040\000a\000n\000g\000u\000l\000a\000r}{chapter.4}% 81
\BOOKMARK [1][]{section.4.11}{\376\377\0004\000.\0001\0001\000\040\000E\000q\000u\000a\000\347\000\365\000e\000s\000\040\000d\000e\000\040\000L\000a\000g\000r\000a\000n\000g\000e\000\040\000e\000\040\000e\000s\000t\000r\000u\000t\000u\000r\000a\000\040\000d\000a\000s\000\040\000f\000o\000r\000\347\000a\000s\000\040\000d\000e\000\040\000i\000n\000\351\000r\000c\000i\000a}{chapter.4}% 82
\BOOKMARK [1][]{section.4.12}{\376\377\0004\000.\0001\0002\000\040\000M\000o\000m\000e\000n\000t\000o\000s\000\040\000d\000e\000\040\000i\000n\000\351\000r\000c\000i\000a}{chapter.4}% 83
\BOOKMARK [1][]{section.4.13}{\376\377\0004\000.\0001\0003\000\040\000Q\000u\000a\000n\000t\000i\000d\000a\000d\000e\000\040\000d\000e\000\040\000m\000o\000v\000i\000m\000e\000n\000t\000o\000\040\000a\000n\000g\000u\000l\000a\000r\000\040\000d\000o\000\040\000s\000i\000s\000t\000e\000m\000a}{chapter.4}% 84
\BOOKMARK [1][]{section.4.14}{\376\377\0004\000.\0001\0004\000\040\000T\000r\000a\000n\000s\000l\000a\000\347\000\343\000o\000\040\000d\000a\000\040\000e\000s\000p\000a\000\347\000o\000n\000a\000v\000e}{chapter.4}% 85
\BOOKMARK [1][]{section.4.15}{\376\377\0004\000.\0001\0005\000\040\000F\000o\000r\000m\000u\000l\000a\000\347\000\343\000o\000\040\000d\000o\000\040\000P\000r\000o\000b\000l\000e\000m\000a\000\040\000d\000e\000\040\000C\000o\000n\000t\000r\000o\000l\000e}{chapter.4}% 86
\BOOKMARK [1][]{section.4.16}{\376\377\0004\000.\0001\0006\000\040\000T\000\351\000c\000n\000i\000c\000a\000\040\000d\000e\000\040\000c\000o\000n\000t\000r\000o\000l\000e\000\040\000a\000p\000l\000i\000c\000a\000d\000a}{chapter.4}% 87
\BOOKMARK [2][]{subsection.4.16.1}{\376\377\0004\000.\0001\0006\000.\0001\000\040\000T\000r\000a\000n\000s\000f\000e\000r\000\352\000n\000c\000i\000a\000\040\000d\000e\000\040\000H\000o\000h\000m\000a\000n\000n}{section.4.16}% 88
\BOOKMARK [2][]{subsection.4.16.2}{\376\377\0004\000.\0001\0006\000.\0002\000\040\000C\000o\000n\000t\000r\000o\000l\000e\000\040\000P\000r\000o\000p\000o\000r\000c\000i\000o\000n\000a\000l\040\023\000D\000e\000r\000i\000v\000a\000t\000i\000v\000o\000\040\000\050\000P\000D\000\051}{section.4.16}% 89
\BOOKMARK [2][]{subsection.4.16.3}{\376\377\0004\000.\0001\0006\000.\0003\000\040\000C\000o\000n\000t\000r\000o\000l\000e\000\040\000d\000e\000\040\000a\000t\000i\000t\000u\000d\000e\000\040\000d\000a\000\040\000e\000s\000p\000a\000\347\000o\000n\000a\000v\000e}{section.4.16}% 90
\BOOKMARK [2][]{subsection.4.16.4}{\376\377\0004\000.\0001\0006\000.\0004\000\040\000C\000o\000n\000t\000r\000o\000l\000e\000\040\000d\000a\000s\000\040\000j\000u\000n\000t\000a\000s\000\040\000d\000o\000\040\000m\000a\000n\000i\000p\000u\000l\000a\000d\000o\000r\000\040\000r\000o\000b\000\363\000t\000i\000c\000o}{section.4.16}% 91
\BOOKMARK [2][]{subsection.4.16.5}{\376\377\0004\000.\0001\0006\000.\0005\000\040\000E\000s\000t\000r\000u\000t\000u\000r\000a\000\040\000e\000m\000\040\000m\000a\000l\000h\000a\000\040\000f\000e\000c\000h\000a\000d\000a}{section.4.16}% 92
\BOOKMARK [2][]{subsection.4.16.6}{\376\377\0004\000.\0001\0006\000.\0006\000\040\000G\000a\000n\000h\000o\000s\000\040\000d\000o\000\040\000c\000o\000n\000t\000r\000o\000l\000e\000\040\000P\000D}{section.4.16}% 93
\BOOKMARK [2][]{subsection.4.16.7}{\376\377\0004\000.\0001\0006\000.\0007\000\040\000L\000i\000m\000i\000t\000a\000\347\000\365\000e\000s}{section.4.16}% 94
\BOOKMARK [2][]{subsection.4.16.8}{\376\377\0004\000.\0001\0006\000.\0008\000\040\000J\000u\000s\000t\000i\000f\000i\000c\000a\000t\000i\000v\000a\000\040\000d\000a\000\040\000e\000s\000c\000o\000l\000h\000a}{section.4.16}% 95
\BOOKMARK [2][]{subsection.4.16.9}{\376\377\0004\000.\0001\0006\000.\0009\000\040\000C\000r\000i\000t\000\351\000r\000i\000o\000\040\000d\000e\000\040\000a\000c\000o\000p\000l\000a\000m\000e\000n\000t\000o\000\040\000e\000\040\000d\000e\000t\000e\000c\000\347\000\343\000o\000\040\000d\000e\000\040\000s\000u\000c\000e\000s\000s\000o}{section.4.16}% 96
\BOOKMARK [0][]{chapter.5}{\376\377\0005\000\040\000R\000e\000s\000u\000l\000t\000a\000d\000o\000s}{}% 97
\BOOKMARK [1][]{section.5.1}{\376\377\0005\000.\0001\000\040\000L\000i\000n\000h\000a\000\040\000d\000o\000\040\000t\000e\000m\000p\000o}{chapter.5}% 98
\BOOKMARK [2][]{subsection.5.1.1}{\376\377\0005\000.\0001\000.\0001\000\040\000C\000o\000m\000p\000a\000r\000a\000t\000i\000v\000o\000\040\000e\000n\000t\000r\000e\000\040\000c\000e\000n\000\341\000r\000i\000o\000s}{section.5.1}% 99
\BOOKMARK [1][]{section.5.2}{\376\377\0005\000.\0002\000\040\000A\000p\000r\000o\000x\000i\000m\000a\000\347\000\343\000o\000\040\000d\000e\000\040\000l\000o\000n\000g\000a\000\040\000d\000i\000s\000t\000\342\000n\000c\000i\000a}{chapter.5}% 100
\BOOKMARK [2][]{subsection.5.2.1}{\376\377\0005\000.\0002\000.\0001\000\040\000R\000a\000i\000o\000\040\000o\000r\000b\000i\000t\000a\000l\000\040\000d\000o\000\040\000p\000e\000r\000s\000e\000g\000u\000i\000d\000o\000r\000\040\000a\000o\000\040\000l\000o\000n\000g\000o\000\040\000d\000o\000\040\000t\000e\000m\000p\000o}{section.5.2}% 101
\BOOKMARK [2][]{subsection.5.2.2}{\376\377\0005\000.\0002\000.\0002\000\040\000C\000o\000n\000s\000u\000m\000o\000\040\000d\000e\000\040\000D\000e\000l\000t\000a\000-\000V}{section.5.2}% 102
\BOOKMARK [2][]{subsection.5.2.3}{\376\377\0005\000.\0002\000.\0003\000\040\000C\000e\000n\000\341\000r\000i\000o\000s}{section.5.2}% 103
\BOOKMARK [1][]{section.5.3}{\376\377\0005\000.\0003\000\040\000A\000p\000r\000o\000x\000i\000m\000a\000\347\000\343\000o\000\040\000d\000e\000\040\000c\000u\000r\000t\000a\000\040\000d\000i\000s\000t\000\342\000n\000c\000i\000a}{chapter.5}% 104
\BOOKMARK [2][]{subsection.5.3.1}{\376\377\0005\000.\0003\000.\0001\000\040\000V\000e\000l\000o\000c\000i\000d\000a\000d\000e\000\040\000r\000e\000l\000a\000t\000i\000v\000a}{section.5.3}% 105
\BOOKMARK [2][]{subsection.5.3.2}{\376\377\0005\000.\0003\000.\0002\000\040\000T\000e\000m\000p\000o\000s\000\040\000d\000e\000\040\000e\000s\000t\000a\000b\000i\000l\000i\000z\000a\000\347\000\343\000o\000\040\000d\000a\000\040\000p\000o\000s\000i\000\347\000\343\000o}{section.5.3}% 106
\BOOKMARK [2][]{subsection.5.3.3}{\376\377\0005\000.\0003\000.\0003\000\040\000P\000i\000c\000o\000s\000\040\000d\000e\000\040\000p\000o\000s\000i\000\347\000\343\000o\000,\000\040\000v\000e\000l\000o\000c\000i\000d\000a\000d\000e\000\040\000e\000\040\000a\000c\000e\000l\000e\000r\000a\000\347\000\343\000o\000\040\000d\000e\000\040\000c\000o\000n\000t\000r\000o\000l\000e}{section.5.3}% 107
\BOOKMARK [2][]{subsection.5.3.4}{\376\377\0005\000.\0003\000.\0004\000\040\000E\000f\000e\000i\000t\000o\000\040\000d\000a\000\040\000s\000a\000t\000u\000r\000a\000\347\000\343\000o\000\040\000d\000e\000\040\000v\000e\000l\000o\000c\000i\000d\000a\000d\000e\000\040\000r\000e\000l\000a\000t\000i\000v\000a}{section.5.3}% 108
\BOOKMARK [1][]{section.5.4}{\376\377\0005\000.\0004\000\040\000A\000p\000r\000o\000x\000i\000m\000a\000\347\000\343\000o\000\040\000f\000i\000n\000a\000l}{chapter.5}% 109
\BOOKMARK [2][]{subsection.5.4.1}{\376\377\0005\000.\0004\000.\0001\000\040\000E\000v\000o\000l\000u\000\347\000\343\000o\000\040\000d\000a\000\040\000a\000t\000i\000t\000u\000d\000e\000\040\000e\000\040\000m\000o\000d\000o\000s\000\040\000d\000e\000\040\000o\000p\000e\000r\000a\000\347\000\343\000o}{section.5.4}% 110
\BOOKMARK [2][]{subsection.5.4.2}{\376\377\0005\000.\0004\000.\0002\000\040\000D\000i\000n\000\342\000m\000i\000c\000a\000\040\000d\000a\000\040\000e\000s\000p\000a\000\347\000o\000n\000a\000v\000e\000\040\000e\000\040\000t\000o\000r\000q\000u\000e\000s\000\040\000d\000e\000\040\000c\000o\000n\000t\000r\000o\000l\000e}{section.5.4}% 111
\BOOKMARK [2][]{subsection.5.4.3}{\376\377\0005\000.\0004\000.\0003\000\040\000M\000o\000v\000i\000m\000e\000n\000t\000o\000\040\000d\000a\000s\000\040\000j\000u\000n\000t\000a\000s\000\040\000e\000\040\000a\000p\000o\000n\000t\000a\000m\000e\000n\000t\000o\000\040\000d\000a\000\040\000r\000e\000f\000e\000r\000\352\000n\000c\000i\000a\000\040\000d\000a\000\040\000c\000i\000n\000e\000m\000\341\000t\000i\000c\000a\000\040\000i\000n\000v\000e\000r\000s\000a}{section.5.4}% 112
\BOOKMARK [2][]{subsection.5.4.4}{\376\377\0005\000.\0004\000.\0004\000\040\000A\000l\000i\000n\000h\000a\000m\000e\000n\000t\000o\000\040\000d\000a\000\040\000f\000e\000r\000r\000a\000m\000e\000n\000t\000a\000\040\000c\000o\000m\000\040\000a\000\040\000p\000o\000r\000t\000a\000\040\000d\000e\000\040\000a\000c\000o\000p\000l\000a\000m\000e\000n\000t\000o}{section.5.4}% 113
\BOOKMARK [2][]{subsection.5.4.5}{\376\377\0005\000.\0004\000.\0005\000\040\000S\000\355\000n\000t\000e\000s\000e\000\040\000d\000o\000s\000\040\000r\000e\000s\000u\000l\000t\000a\000d\000o\000s\000\040\000d\000e\000\040\000a\000l\000i\000n\000h\000a\000m\000e\000n\000t\000o}{section.5.4}% 114
\BOOKMARK [0][]{chapter.6}{\376\377\0006\000\040\000D\000i\000s\000c\000u\000s\000s\000\343\000o}{}% 115
\BOOKMARK [1][]{section.6.1}{\376\377\0006\000.\0001\000\040\000C\000o\000m\000p\000a\000r\000a\000\347\000\343\000o\000\040\000c\000o\000m\000\040\000a\000\040\000l\000i\000t\000e\000r\000a\000t\000u\000r\000a}{chapter.6}% 116
\BOOKMARK [1][]{section.6.2}{\376\377\0006\000.\0002\000\040\000C\000o\000n\000t\000r\000i\000b\000u\000i\000\347\000\365\000e\000s\000\040\000d\000o\000\040\000t\000r\000a\000b\000a\000l\000h\000o}{chapter.6}% 117
\BOOKMARK [1][]{section.6.3}{\376\377\0006\000.\0003\000\040\000L\000i\000\347\000\365\000e\000s\000\040\000a\000p\000r\000e\000n\000d\000i\000d\000a\000s\000\040\000c\000o\000m\000\040\000a\000\040\000s\000i\000m\000u\000l\000a\000\347\000\343\000o\000\040\000e\000\040\000o\000s\000\040\000r\000e\000s\000u\000l\000t\000a\000d\000o\000s}{chapter.6}% 118
\BOOKMARK [1][]{section.6.4}{\376\377\0006\000.\0004\000\040\000L\000i\000m\000i\000t\000a\000\347\000\365\000e\000s\000\040\000d\000o\000\040\000t\000r\000a\000b\000a\000l\000h\000o}{chapter.6}% 119
\BOOKMARK [0][]{chapter.7}{\376\377\0007\000\040\000C\000o\000n\000c\000l\000u\000s\000\343\000o}{}% 120
\BOOKMARK [1][]{section.7.1}{\376\377\0007\000.\0001\000\040\000A\000t\000i\000n\000g\000i\000m\000e\000n\000t\000o\000\040\000d\000o\000s\000\040\000o\000b\000j\000e\000t\000i\000v\000o\000s\000\040\000d\000o\000\040\000t\000r\000a\000b\000a\000l\000h\000o}{chapter.7}% 121
\BOOKMARK [1][]{section.7.2}{\376\377\0007\000.\0002\000\040\000R\000e\000s\000u\000m\000o\000\040\000d\000a\000s\000\040\000c\000o\000n\000t\000r\000i\000b\000u\000i\000\347\000\365\000e\000s}{chapter.7}% 122
\BOOKMARK [1][]{section.7.3}{\376\377\0007\000.\0003\000\040\000R\000e\000l\000e\000v\000\342\000n\000c\000i\000a\000\040\000d\000o\000\040\000t\000r\000a\000b\000a\000l\000h\000o}{chapter.7}% 123
\BOOKMARK [1][]{section.7.4}{\376\377\0007\000.\0004\000\040\000T\000r\000a\000b\000a\000l\000h\000o\000s\000\040\000f\000u\000t\000u\000r\000o\000s}{chapter.7}% 124
\BOOKMARK [0][]{appendix.A}{\376\377\000A\000\040\000P\000o\000s\000i\000\347\000\343\000o\000\040\000e\000\040\000v\000e\000l\000o\000c\000i\000d\000a\000d\000e\000\040\000n\000o\000\040\000r\000e\000f\000e\000r\000e\000n\000c\000i\000a\000l\000\040\000i\000n\000e\000r\000c\000i\000a\000l}{}% 125
\BOOKMARK [0][]{appendix.B}{\376\377\000B\000\040\000P\000a\000r\000\342\000m\000e\000t\000r\000o\000s\000\040\000f\000\355\000s\000i\000c\000o\000s\000\040\000d\000o\000\040\000p\000e\000r\000s\000e\000g\000u\000i\000d\000o\000r}{}% 126
\BOOKMARK [1][]{section.B.1}{\376\377\000B\000.\0001\000\040\000G\000e\000o\000m\000e\000t\000r\000i\000a\000,\000\040\000m\000a\000s\000s\000a\000\040\000e\000\040\000c\000e\000n\000t\000r\000o\000s\000\040\000d\000e\000\040\000m\000a\000s\000s\000a\000\040\000\050\000S\000I\000\051}{appendix.B}% 127
\BOOKMARK [1][]{section.B.2}{\376\377\000B\000.\0002\000\040\000C\000o\000m\000p\000o\000n\000e\000n\000t\000e\000s\000\040\000d\000o\000\040\000t\000e\000n\000s\000o\000r\000\040\000d\000e\000\040\000i\000n\000\351\000r\000c\000i\000a\000\040\000\050\000S\000I\000\051}{appendix.B}% 128
\BOOKMARK [1][]{section.B.3}{\376\377\000B\000.\0003\000\040\000C\000o\000m\000p\000o\000n\000e\000n\000t\000e\000s\000\040\000d\000e\000\040\000i\000n\000\351\000r\000c\000i\000a\000\040\000d\000o\000s\000\040\000c\000o\000n\000j\000u\000n\000t\000o\000s\000\040\000c\000o\000m\000b\000i\000n\000a\000d\000o\000s\000\040\000\050\000S\000I\000\051}{appendix.B}% 129
\BOOKMARK [1][]{section.B.4}{\376\377\000B\000.\0004\000\040\000M\000a\000s\000s\000a\000s\000\040\000d\000o\000\040\000p\000e\000r\000s\000e\000g\000u\000i\000d\000o\000r}{appendix.B}% 130
\BOOKMARK [1][]{section.B.5}{\376\377\000B\000.\0005\000\040\000L\000i\000m\000i\000t\000e\000s\000\040\000d\000a\000s\000\040\000j\000u\000n\000t\000a\000s\000\040\000d\000o\000\040\000m\000a\000n\000i\000p\000u\000l\000a\000d\000o\000r\000\040\000r\000o\000b\000\363\000t\000i\000c\000o}{appendix.B}% 131
\BOOKMARK [0][]{appendix.C}{\376\377\000C\000\040\000P\000a\000r\000\342\000m\000e\000t\000r\000o\000s\000\040\000d\000e\000\040\000c\000o\000n\000t\000r\000o\000l\000e}{}% 132
\BOOKMARK [1][]{section.C.1}{\376\377\000C\000.\0001\000\040\000T\000e\000m\000p\000o\000\040\000d\000e\000\040\000s\000i\000m\000u\000l\000a\000\347\000\343\000o\000\040\000e\000\040\000d\000i\000s\000c\000r\000e\000t\000i\000z\000a\000\347\000\365\000e\000s\000\040\000a\000u\000x\000i\000l\000i\000a\000r\000e\000s}{appendix.C}% 133
\BOOKMARK [1][]{section.C.2}{\376\377\000C\000.\0002\000\040\000S\000a\000t\000u\000r\000a\000\347\000\365\000e\000s\000\040\000e\000\040\000l\000i\000m\000i\000t\000e\000s\000\040\000d\000a\000\040\000d\000i\000n\000\342\000m\000i\000c\000a\000\040\000d\000e\000\040\000L\000a\000g\000r\000a\000n\000g\000e}{appendix.C}% 134
\BOOKMARK [1][]{section.C.3}{\376\377\000C\000.\0003\000\040\000C\000o\000n\000t\000r\000o\000l\000e\000\040\000P\000D\000\040\000d\000e\000\040\000a\000t\000i\000t\000u\000d\000e\000\040\000d\000o\000\040\000p\000e\000r\000s\000e\000g\000u\000i\000d\000o\000r\000\040\000\050\000m\000o\000d\000o\000\040\000n\000\343\000o\000\040\000o\000p\000e\000r\000a\000c\000i\000o\000n\000a\000l\000\051}{appendix.C}% 135
\BOOKMARK [1][]{section.C.4}{\376\377\000C\000.\0004\000\040\000C\000o\000n\000t\000r\000o\000l\000e\000\040\000P\000D\000\040\000d\000e\000\040\000a\000t\000i\000t\000u\000d\000e\000\040\000d\000a\000\040\000e\000s\000p\000a\000\347\000o\000n\000a\000v\000e\000\040\000\050\000m\000o\000d\000o\000\040\000o\000p\000e\000r\000a\000c\000i\000o\000n\000a\000l\000\051\000.}{appendix.C}% 136
\BOOKMARK [1][]{section.C.5}{\376\377\000C\000.\0005\000\040\000C\000o\000n\000t\000r\000o\000l\000e\000\040\000d\000o\000\040\000m\000a\000n\000i\000p\000u\000l\000a\000d\000o\000r\000\040\000r\000o\000b\000\363\000t\000i\000c\000o}{appendix.C}% 137
\BOOKMARK [1][]{section.C.6}{\376\377\000C\000.\0006\000\040\000C\000r\000i\000t\000\351\000r\000i\000o\000\040\000d\000e\000\040\000a\000t\000i\000v\000a\000\347\000\343\000o\000\040\000d\000o\000\040\000m\000o\000d\000o\000\040\000o\000p\000e\000r\000a\000c\000i\000o\000n\000a\000l\000\040\000d\000o\000\040\000m\000r}{appendix.C}% 138
\BOOKMARK [1][]{section.C.7}{\376\377\000C\000.\0007\000\040\000R\000e\000s\000u\000m\000o\000\040\000d\000e\000\040\000m\000o\000d\000o\000s\000\040\000\050\000m\000i\000s\000s\000\343\000o\000\051}{appendix.C}% 139
\BOOKMARK [1][]{section.C.8}{\376\377\000C\000.\0008\000\040\000C\000r\000i\000t\000\351\000r\000i\000o\000s\000\040\000d\000e\000\040\000t\000r\000a\000n\000s\000i\000\347\000\343\000o\000\040\000e\000\040\000s\000u\000c\000e\000s\000s\000o\000\040\000n\000o\000\040\000a\000c\000o\000p\000l\000a\000m\000e\000n\000t\000o}{appendix.C}% 140
\BOOKMARK [1][]{section.C.9}{\376\377\000C\000.\0009\000\040\000C\000r\000i\000t\000\351\000r\000i\000o\000\040\000d\000e\000\040\000a\000c\000o\000p\000l\000a\000m\000e\000n\000t\000o\000\040\000e\000\040\000d\000e\000t\000e\000c\000\347\000\343\000o\000\040\000d\000e\000\040\000s\000u\000c\000e\000s\000s\000o}{appendix.C}% 141
\BOOKMARK [0][]{appendix.D}{\376\377\000D\000\040\000C\000\363\000d\000i\000g\000o\000s\000\040\000c\000o\000m\000p\000u\000t\000a\000c\000i\000o\000n\000a\000i\000s}{}% 142
\BOOKMARK [0][]{bla.0}{\376\377\000F\000o\000l\000h\000a\000\040\000d\000e\000\040\000R\000e\000g\000i\000s\000t\000r\000o\000\040\000d\000o\000\040\000D\000o\000c\000u\000m\000e\000n\000t\000o}{}% 143
